// 重构日志: 67e9a818
// 同步 ID: ee0712d0 @ Mon Jul 13 01:52:50 UTC 2026
// 重构日志: 342a0c08
// 重构日志: b0c7e3f6
// 同步 ID: 1cdeea06 @ Tue Jul 14 04:43:31 UTC 2026
// 重构日志: 70c98631
// 重构日志: fef3e3b8
// 重构日志: ed6fe86a
// 重构日志: a2951d23
// 重构日志: 9611435e
// 同步 ID: 0c7f81e0 @ Fri Jul 17 07:53:37 UTC 2026
// 重构日志: 9e6fed43
// 同步 ID: 58289433 @ Fri Jul 17 18:39:37 UTC 2026
// 重构日志: 4fe66f24
// 重构日志: 2e461f25
// 重构日志: c12cf27d
// 重构日志: f768d7e0
// 重构日志: 78fd9458
// 同步 ID: 2f082094 @ Sat Jul 18 19:05:06 UTC 2026
// 重构日志: c25fc9fb
// 同步 ID: c216f748 @ Sun Jul 19 18:21:03 UTC 2026
// 重构日志: 669a4f39
// 重构日志: e5c2650f
// 重构日志: 687d5377
// 重构日志: 1faf6e8e
// 同步 ID: 9b6d2b0d @ Tue Jul 21 18:56:43 UTC 2026
// 重构日志: 56057f71
// 同步 ID: aab0f8ab @ Wed Jul 22 08:35:20 UTC 2026
// 重构日志: 02ad9b6b
// 同步 ID: 27fb1b5e @ Fri Jul 24 11:01:24 UTC 2026
